[2019-04-04 15:31:12] production.ERROR: RuntimeException: Directory name must not be empty. in C:\xampp\htdocs\novosite\vendor\symfony\finder\Iterator\RecursiveDirectoryIterator.php:52
Stack trace:
#0 C:\xampp\htdocs\novosite\vendor\symfony\finder\Iterator\RecursiveDirectoryIterator.php(52): RecursiveDirectoryIterator->__construct('', 4096)
#1 C:\xampp\htdocs\novosite\vendor\symfony\finder\Finder.php(684): Symfony\Component\Finder\Iterator\RecursiveDirectoryIterator->__construct('', 4096, false)
#2 C:\xampp\htdocs\novosite\vendor\symfony\finder\Finder.php(572): Symfony\Component\Finder\Finder->searchInDirectory('')
#3 C:\xampp\htdocs\novosite\vendor\laravel\framework\src\Illuminate\Foundation\Bootstrap\LoadConfiguration.php(87): Symfony\Component\Finder\Finder->getIterator()
#4 C:\xampp\htdocs\novosite\vendor\laravel\framework\src\Illuminate\Foundation\Bootstrap\LoadConfiguration.php(64): Illuminate\Foundation\Bootstrap\LoadConfiguration->getConfigurationFiles(Object(Illuminate\Foundation\Application))
#5 C:\xampp\htdocs\novosite\vendor\laravel\framework\src\Illuminate\Foundation\Bootstrap\LoadConfiguration.php(39): Illuminate\Foundation\Bootstrap\LoadConfiguration->loadConfigurationFiles(Object(Illuminate\Foundation\Application), Object(Illuminate\Config\Repository))
#6 C:\xampp\htdocs\novosite\vendor\laravel\framework\src\Illuminate\Foundation\Application.php(208): Illuminate\Foundation\Bootstrap\LoadConfiguration->bootstrap(Object(Illuminate\Foundation\Application))
#7 C:\xampp\htdocs\novosite\vendor\laravel\framework\src\Illuminate\Foundation\Http\Kernel.php(162): Illuminate\Foundation\Application->bootstrapWith(Array)
#8 C:\xampp\htdocs\novosite\vendor\laravel\framework\src\Illuminate\Foundation\Http\Kernel.php(146): Illuminate\Foundation\Http\Kernel->bootstrap()
#9 C:\xampp\htdocs\novosite\vendor\laravel\framework\src\Illuminate\Foundation\Http\Kernel.php(116): Illuminate\Foundation\Http\Kernel->sendRequestThroughRouter(Object(Illuminate\Http\Request))
#10 C:\xampp\htdocs\novosite\public\index.php(53): Illuminate\Foundation\Http\Kernel->handle(Object(Illuminate\Http\Request))
#11 {main}  
[2019-04-04 15:42:18] production.ERROR: RuntimeException: Directory name must not be empty. in C:\xampp\htdocs\novosite\vendor\symfony\finder\Iterator\RecursiveDirectoryIterator.php:52
Stack trace:
#0 C:\xampp\htdocs\novosite\vendor\symfony\finder\Iterator\RecursiveDirectoryIterator.php(52): RecursiveDirectoryIterator->__construct('', 4096)
#1 C:\xampp\htdocs\novosite\vendor\symfony\finder\Finder.php(687): Symfony\Component\Finder\Iterator\RecursiveDirectoryIterator->__construct('', 4096, false)
#2 C:\xampp\htdocs\novosite\vendor\symfony\finder\Finder.php(572): Symfony\Component\Finder\Finder->searchInDirectory('')
#3 C:\xampp\htdocs\novosite\vendor\laravel\framework\src\Illuminate\Foundation\Bootstrap\LoadConfiguration.php(87): Symfony\Component\Finder\Finder->getIterator()
#4 C:\xampp\htdocs\novosite\vendor\laravel\framework\src\Illuminate\Foundation\Bootstrap\LoadConfiguration.php(64): Illuminate\Foundation\Bootstrap\LoadConfiguration->getConfigurationFiles(Object(Illuminate\Foundation\Application))
#5 C:\xampp\htdocs\novosite\vendor\laravel\framework\src\Illuminate\Foundation\Bootstrap\LoadConfiguration.php(39): Illuminate\Foundation\Bootstrap\LoadConfiguration->loadConfigurationFiles(Object(Illuminate\Foundation\Application), Object(Illuminate\Config\Repository))
#6 C:\xampp\htdocs\novosite\vendor\laravel\framework\src\Illuminate\Foundation\Application.php(208): Illuminate\Foundation\Bootstrap\LoadConfiguration->bootstrap(Object(Illuminate\Foundation\Application))
#7 C:\xampp\htdocs\novosite\vendor\laravel\framework\src\Illuminate\Foundation\Console\Kernel.php(267): Illuminate\Foundation\Application->bootstrapWith(Array)
#8 C:\xampp\htdocs\novosite\vendor\laravel\framework\src\Illuminate\Foundation\Console\Kernel.php(114): Illuminate\Foundation\Console\Kernel->bootstrap()
#9 C:\xampp\htdocs\novosite\artisan(35): Illuminate\Foundation\Console\Kernel->handle(Object(Symfony\Component\Console\Input\ArgvInput), Object(Symfony\Component\Console\Output\ConsoleOutput))
#10 {main}  
[2019-04-04 15:42:45] production.ERROR: RuntimeException: Directory name must not be empty. in C:\xampp\htdocs\novosite\vendor\symfony\finder\Iterator\RecursiveDirectoryIterator.php:52
Stack trace:
#0 C:\xampp\htdocs\novosite\vendor\symfony\finder\Iterator\RecursiveDirectoryIterator.php(52): RecursiveDirectoryIterator->__construct('', 4096)
#1 C:\xampp\htdocs\novosite\vendor\symfony\finder\Finder.php(687): Symfony\Component\Finder\Iterator\RecursiveDirectoryIterator->__construct('', 4096, false)
#2 C:\xampp\htdocs\novosite\vendor\symfony\finder\Finder.php(572): Symfony\Component\Finder\Finder->searchInDirectory('')
#3 C:\xampp\htdocs\novosite\vendor\laravel\framework\src\Illuminate\Foundation\Bootstrap\LoadConfiguration.php(87): Symfony\Component\Finder\Finder->getIterator()
#4 C:\xampp\htdocs\novosite\vendor\laravel\framework\src\Illuminate\Foundation\Bootstrap\LoadConfiguration.php(64): Illuminate\Foundation\Bootstrap\LoadConfiguration->getConfigurationFiles(Object(Illuminate\Foundation\Application))
#5 C:\xampp\htdocs\novosite\vendor\laravel\framework\src\Illuminate\Foundation\Bootstrap\LoadConfiguration.php(39): Illuminate\Foundation\Bootstrap\LoadConfiguration->loadConfigurationFiles(Object(Illuminate\Foundation\Application), Object(Illuminate\Config\Repository))
#6 C:\xampp\htdocs\novosite\vendor\laravel\framework\src\Illuminate\Foundation\Application.php(208): Illuminate\Foundation\Bootstrap\LoadConfiguration->bootstrap(Object(Illuminate\Foundation\Application))
#7 C:\xampp\htdocs\novosite\vendor\laravel\framework\src\Illuminate\Foundation\Console\Kernel.php(267): Illuminate\Foundation\Application->bootstrapWith(Array)
#8 C:\xampp\htdocs\novosite\vendor\laravel\framework\src\Illuminate\Foundation\Console\Kernel.php(114): Illuminate\Foundation\Console\Kernel->bootstrap()
#9 C:\xampp\htdocs\novosite\artisan(35): Illuminate\Foundation\Console\Kernel->handle(Object(Symfony\Component\Console\Input\ArgvInput), Object(Symfony\Component\Console\Output\ConsoleOutput))
#10 {main}  
[2019-04-04 15:43:00] production.ERROR: RuntimeException: Directory name must not be empty. in C:\xampp\htdocs\novosite\vendor\symfony\finder\Iterator\RecursiveDirectoryIterator.php:52
Stack trace:
#0 C:\xampp\htdocs\novosite\vendor\symfony\finder\Iterator\RecursiveDirectoryIterator.php(52): RecursiveDirectoryIterator->__construct('', 4096)
#1 C:\xampp\htdocs\novosite\vendor\symfony\finder\Finder.php(687): Symfony\Component\Finder\Iterator\RecursiveDirectoryIterator->__construct('', 4096, false)
#2 C:\xampp\htdocs\novosite\vendor\symfony\finder\Finder.php(572): Symfony\Component\Finder\Finder->searchInDirectory('')
#3 C:\xampp\htdocs\novosite\vendor\laravel\framework\src\Illuminate\Foundation\Bootstrap\LoadConfiguration.php(87): Symfony\Component\Finder\Finder->getIterator()
#4 C:\xampp\htdocs\novosite\vendor\laravel\framework\src\Illuminate\Foundation\Bootstrap\LoadConfiguration.php(64): Illuminate\Foundation\Bootstrap\LoadConfiguration->getConfigurationFiles(Object(Illuminate\Foundation\Application))
#5 C:\xampp\htdocs\novosite\vendor\laravel\framework\src\Illuminate\Foundation\Bootstrap\LoadConfiguration.php(39): Illuminate\Foundation\Bootstrap\LoadConfiguration->loadConfigurationFiles(Object(Illuminate\Foundation\Application), Object(Illuminate\Config\Repository))
#6 C:\xampp\htdocs\novosite\vendor\laravel\framework\src\Illuminate\Foundation\Application.php(208): Illuminate\Foundation\Bootstrap\LoadConfiguration->bootstrap(Object(Illuminate\Foundation\Application))
#7 C:\xampp\htdocs\novosite\vendor\laravel\framework\src\Illuminate\Foundation\Console\Kernel.php(267): Illuminate\Foundation\Application->bootstrapWith(Array)
#8 C:\xampp\htdocs\novosite\vendor\laravel\framework\src\Illuminate\Foundation\Console\Kernel.php(114): Illuminate\Foundation\Console\Kernel->bootstrap()
#9 C:\xampp\htdocs\novosite\artisan(35): Illuminate\Foundation\Console\Kernel->handle(Object(Symfony\Component\Console\Input\ArgvInput), Object(Symfony\Component\Console\Output\ConsoleOutput))
#10 {main}  
[2019-04-04 15:43:45] production.ERROR: RuntimeException: Directory name must not be empty. in C:\xampp\htdocs\novosite\vendor\symfony\finder\Iterator\RecursiveDirectoryIterator.php:52
Stack trace:
#0 C:\xampp\htdocs\novosite\vendor\symfony\finder\Iterator\RecursiveDirectoryIterator.php(52): RecursiveDirectoryIterator->__construct('', 4096)
#1 C:\xampp\htdocs\novosite\vendor\symfony\finder\Finder.php(687): Symfony\Component\Finder\Iterator\RecursiveDirectoryIterator->__construct('', 4096, false)
#2 C:\xampp\htdocs\novosite\vendor\symfony\finder\Finder.php(572): Symfony\Component\Finder\Finder->searchInDirectory('')
#3 C:\xampp\htdocs\novosite\vendor\laravel\framework\src\Illuminate\Foundation\Bootstrap\LoadConfiguration.php(87): Symfony\Component\Finder\Finder->getIterator()
#4 C:\xampp\htdocs\novosite\vendor\laravel\framework\src\Illuminate\Foundation\Bootstrap\LoadConfiguration.php(64): Illuminate\Foundation\Bootstrap\LoadConfiguration->getConfigurationFiles(Object(Illuminate\Foundation\Application))
#5 C:\xampp\htdocs\novosite\vendor\laravel\framework\src\Illuminate\Foundation\Bootstrap\LoadConfiguration.php(39): Illuminate\Foundation\Bootstrap\LoadConfiguration->loadConfigurationFiles(Object(Illuminate\Foundation\Application), Object(Illuminate\Config\Repository))
#6 C:\xampp\htdocs\novosite\vendor\laravel\framework\src\Illuminate\Foundation\Application.php(208): Illuminate\Foundation\Bootstrap\LoadConfiguration->bootstrap(Object(Illuminate\Foundation\Application))
#7 C:\xampp\htdocs\novosite\vendor\laravel\framework\src\Illuminate\Foundation\Console\Kernel.php(267): Illuminate\Foundation\Application->bootstrapWith(Array)
#8 C:\xampp\htdocs\novosite\vendor\laravel\framework\src\Illuminate\Foundation\Console\Kernel.php(114): Illuminate\Foundation\Console\Kernel->bootstrap()
#9 C:\xampp\htdocs\novosite\artisan(35): Illuminate\Foundation\Console\Kernel->handle(Object(Symfony\Component\Console\Input\ArgvInput), Object(Symfony\Component\Console\Output\ConsoleOutput))
#10 {main}  
[2019-04-04 15:47:09] production.ERROR: RuntimeException: Directory name must not be empty. in C:\xampp\htdocs\novosite\vendor\symfony\finder\Iterator\RecursiveDirectoryIterator.php:52
Stack trace:
#0 C:\xampp\htdocs\novosite\vendor\symfony\finder\Iterator\RecursiveDirectoryIterator.php(52): RecursiveDirectoryIterator->__construct('', 4096)
#1 C:\xampp\htdocs\novosite\vendor\symfony\finder\Finder.php(687): Symfony\Component\Finder\Iterator\RecursiveDirectoryIterator->__construct('', 4096, false)
#2 C:\xampp\htdocs\novosite\vendor\symfony\finder\Finder.php(572): Symfony\Component\Finder\Finder->searchInDirectory('')
#3 C:\xampp\htdocs\novosite\vendor\laravel\framework\src\Illuminate\Foundation\Bootstrap\LoadConfiguration.php(87): Symfony\Component\Finder\Finder->getIterator()
#4 C:\xampp\htdocs\novosite\vendor\laravel\framework\src\Illuminate\Foundation\Bootstrap\LoadConfiguration.php(64): Illuminate\Foundation\Bootstrap\LoadConfiguration->getConfigurationFiles(Object(Illuminate\Foundation\Application))
#5 C:\xampp\htdocs\novosite\vendor\laravel\framework\src\Illuminate\Foundation\Bootstrap\LoadConfiguration.php(39): Illuminate\Foundation\Bootstrap\LoadConfiguration->loadConfigurationFiles(Object(Illuminate\Foundation\Application), Object(Illuminate\Config\Repository))
#6 C:\xampp\htdocs\novosite\vendor\laravel\framework\src\Illuminate\Foundation\Application.php(208): Illuminate\Foundation\Bootstrap\LoadConfiguration->bootstrap(Object(Illuminate\Foundation\Application))
#7 C:\xampp\htdocs\novosite\vendor\laravel\framework\src\Illuminate\Foundation\Console\Kernel.php(267): Illuminate\Foundation\Application->bootstrapWith(Array)
#8 C:\xampp\htdocs\novosite\vendor\laravel\framework\src\Illuminate\Foundation\Console\Kernel.php(114): Illuminate\Foundation\Console\Kernel->bootstrap()
#9 C:\xampp\htdocs\novosite\artisan(35): Illuminate\Foundation\Console\Kernel->handle(Object(Symfony\Component\Console\Input\ArgvInput), Object(Symfony\Component\Console\Output\ConsoleOutput))
#10 {main}  
[2019-04-04 15:50:16] production.ERROR: RuntimeException: Directory name must not be empty. in C:\xampp\htdocs\novosite\vendor\symfony\finder\Iterator\RecursiveDirectoryIterator.php:52
Stack trace:
#0 C:\xampp\htdocs\novosite\vendor\symfony\finder\Iterator\RecursiveDirectoryIterator.php(52): RecursiveDirectoryIterator->__construct('', 4096)
#1 C:\xampp\htdocs\novosite\vendor\symfony\finder\Finder.php(687): Symfony\Component\Finder\Iterator\RecursiveDirectoryIterator->__construct('', 4096, false)
#2 C:\xampp\htdocs\novosite\vendor\symfony\finder\Finder.php(572): Symfony\Component\Finder\Finder->searchInDirectory('')
#3 C:\xampp\htdocs\novosite\vendor\laravel\framework\src\Illuminate\Foundation\Bootstrap\LoadConfiguration.php(87): Symfony\Component\Finder\Finder->getIterator()
#4 C:\xampp\htdocs\novosite\vendor\laravel\framework\src\Illuminate\Foundation\Bootstrap\LoadConfiguration.php(64): Illuminate\Foundation\Bootstrap\LoadConfiguration->getConfigurationFiles(Object(Illuminate\Foundation\Application))
#5 C:\xampp\htdocs\novosite\vendor\laravel\framework\src\Illuminate\Foundation\Bootstrap\LoadConfiguration.php(39): Illuminate\Foundation\Bootstrap\LoadConfiguration->loadConfigurationFiles(Object(Illuminate\Foundation\Application), Object(Illuminate\Config\Repository))
#6 C:\xampp\htdocs\novosite\vendor\laravel\framework\src\Illuminate\Foundation\Application.php(208): Illuminate\Foundation\Bootstrap\LoadConfiguration->bootstrap(Object(Illuminate\Foundation\Application))
#7 C:\xampp\htdocs\novosite\vendor\laravel\framework\src\Illuminate\Foundation\Http\Kernel.php(162): Illuminate\Foundation\Application->bootstrapWith(Array)
#8 C:\xampp\htdocs\novosite\vendor\laravel\framework\src\Illuminate\Foundation\Http\Kernel.php(146): Illuminate\Foundation\Http\Kernel->bootstrap()
#9 C:\xampp\htdocs\novosite\vendor\laravel\framework\src\Illuminate\Foundation\Http\Kernel.php(116): Illuminate\Foundation\Http\Kernel->sendRequestThroughRouter(Object(Illuminate\Http\Request))
#10 C:\xampp\htdocs\novosite\public\index.php(53): Illuminate\Foundation\Http\Kernel->handle(Object(Illuminate\Http\Request))
#11 {main}  
[2019-04-04 15:50:18] production.ERROR: RuntimeException: Directory name must not be empty. in C:\xampp\htdocs\novosite\vendor\symfony\finder\Iterator\RecursiveDirectoryIterator.php:52
Stack trace:
#0 C:\xampp\htdocs\novosite\vendor\symfony\finder\Iterator\RecursiveDirectoryIterator.php(52): RecursiveDirectoryIterator->__construct('', 4096)
#1 C:\xampp\htdocs\novosite\vendor\symfony\finder\Finder.php(687): Symfony\Component\Finder\Iterator\RecursiveDirectoryIterator->__construct('', 4096, false)
#2 C:\xampp\htdocs\novosite\vendor\symfony\finder\Finder.php(572): Symfony\Component\Finder\Finder->searchInDirectory('')
#3 C:\xampp\htdocs\novosite\vendor\laravel\framework\src\Illuminate\Foundation\Bootstrap\LoadConfiguration.php(87): Symfony\Component\Finder\Finder->getIterator()
#4 C:\xampp\htdocs\novosite\vendor\laravel\framework\src\Illuminate\Foundation\Bootstrap\LoadConfiguration.php(64): Illuminate\Foundation\Bootstrap\LoadConfiguration->getConfigurationFiles(Object(Illuminate\Foundation\Application))
#5 C:\xampp\htdocs\novosite\vendor\laravel\framework\src\Illuminate\Foundation\Bootstrap\LoadConfiguration.php(39): Illuminate\Foundation\Bootstrap\LoadConfiguration->loadConfigurationFiles(Object(Illuminate\Foundation\Application), Object(Illuminate\Config\Repository))
#6 C:\xampp\htdocs\novosite\vendor\laravel\framework\src\Illuminate\Foundation\Application.php(208): Illuminate\Foundation\Bootstrap\LoadConfiguration->bootstrap(Object(Illuminate\Foundation\Application))
#7 C:\xampp\htdocs\novosite\vendor\laravel\framework\src\Illuminate\Foundation\Http\Kernel.php(162): Illuminate\Foundation\Application->bootstrapWith(Array)
#8 C:\xampp\htdocs\novosite\vendor\laravel\framework\src\Illuminate\Foundation\Http\Kernel.php(146): Illuminate\Foundation\Http\Kernel->bootstrap()
#9 C:\xampp\htdocs\novosite\vendor\laravel\framework\src\Illuminate\Foundation\Http\Kernel.php(116): Illuminate\Foundation\Http\Kernel->sendRequestThroughRouter(Object(Illuminate\Http\Request))
#10 C:\xampp\htdocs\novosite\public\index.php(53): Illuminate\Foundation\Http\Kernel->handle(Object(Illuminate\Http\Request))
#11 {main}  
[2019-04-04 15:50:33] production.ERROR: RuntimeException: Directory name must not be empty. in C:\xampp\htdocs\novosite\vendor\symfony\finder\Iterator\RecursiveDirectoryIterator.php:52
Stack trace:
#0 C:\xampp\htdocs\novosite\vendor\symfony\finder\Iterator\RecursiveDirectoryIterator.php(52): RecursiveDirectoryIterator->__construct('', 4096)
#1 C:\xampp\htdocs\novosite\vendor\symfony\finder\Finder.php(687): Symfony\Component\Finder\Iterator\RecursiveDirectoryIterator->__construct('', 4096, false)
#2 C:\xampp\htdocs\novosite\vendor\symfony\finder\Finder.php(572): Symfony\Component\Finder\Finder->searchInDirectory('')
#3 C:\xampp\htdocs\novosite\vendor\laravel\framework\src\Illuminate\Foundation\Bootstrap\LoadConfiguration.php(87): Symfony\Component\Finder\Finder->getIterator()
#4 C:\xampp\htdocs\novosite\vendor\laravel\framework\src\Illuminate\Foundation\Bootstrap\LoadConfiguration.php(64): Illuminate\Foundation\Bootstrap\LoadConfiguration->getConfigurationFiles(Object(Illuminate\Foundation\Application))
#5 C:\xampp\htdocs\novosite\vendor\laravel\framework\src\Illuminate\Foundation\Bootstrap\LoadConfiguration.php(39): Illuminate\Foundation\Bootstrap\LoadConfiguration->loadConfigurationFiles(Object(Illuminate\Foundation\Application), Object(Illuminate\Config\Repository))
#6 C:\xampp\htdocs\novosite\vendor\laravel\framework\src\Illuminate\Foundation\Application.php(208): Illuminate\Foundation\Bootstrap\LoadConfiguration->bootstrap(Object(Illuminate\Foundation\Application))
#7 C:\xampp\htdocs\novosite\vendor\laravel\framework\src\Illuminate\Foundation\Console\Kernel.php(267): Illuminate\Foundation\Application->bootstrapWith(Array)
#8 C:\xampp\htdocs\novosite\vendor\laravel\framework\src\Illuminate\Foundation\Console\Kernel.php(114): Illuminate\Foundation\Console\Kernel->bootstrap()
#9 C:\xampp\htdocs\novosite\artisan(35): Illuminate\Foundation\Console\Kernel->handle(Object(Symfony\Component\Console\Input\ArgvInput), Object(Symfony\Component\Console\Output\ConsoleOutput))
#10 {main}  
[2019-04-04 15:54:06] production.ERROR: RuntimeException: Directory name must not be empty. in C:\xampp\htdocs\novosite\vendor\symfony\finder\Iterator\RecursiveDirectoryIterator.php:52
Stack trace:
#0 C:\xampp\htdocs\novosite\vendor\symfony\finder\Iterator\RecursiveDirectoryIterator.php(52): RecursiveDirectoryIterator->__construct('', 4096)
#1 C:\xampp\htdocs\novosite\vendor\symfony\finder\Finder.php(687): Symfony\Component\Finder\Iterator\RecursiveDirectoryIterator->__construct('', 4096, false)
#2 C:\xampp\htdocs\novosite\vendor\symfony\finder\Finder.php(572): Symfony\Component\Finder\Finder->searchInDirectory('')
#3 C:\xampp\htdocs\novosite\vendor\laravel\framework\src\Illuminate\Foundation\Bootstrap\LoadConfiguration.php(87): Symfony\Component\Finder\Finder->getIterator()
#4 C:\xampp\htdocs\novosite\vendor\laravel\framework\src\Illuminate\Foundation\Bootstrap\LoadConfiguration.php(64): Illuminate\Foundation\Bootstrap\LoadConfiguration->getConfigurationFiles(Object(Illuminate\Foundation\Application))
#5 C:\xampp\htdocs\novosite\vendor\laravel\framework\src\Illuminate\Foundation\Bootstrap\LoadConfiguration.php(39): Illuminate\Foundation\Bootstrap\LoadConfiguration->loadConfigurationFiles(Object(Illuminate\Foundation\Application), Object(Illuminate\Config\Repository))
#6 C:\xampp\htdocs\novosite\vendor\laravel\framework\src\Illuminate\Foundation\Application.php(208): Illuminate\Foundation\Bootstrap\LoadConfiguration->bootstrap(Object(Illuminate\Foundation\Application))
#7 C:\xampp\htdocs\novosite\vendor\laravel\framework\src\Illuminate\Foundation\Console\Kernel.php(267): Illuminate\Foundation\Application->bootstrapWith(Array)
#8 C:\xampp\htdocs\novosite\vendor\laravel\framework\src\Illuminate\Foundation\Console\Kernel.php(114): Illuminate\Foundation\Console\Kernel->bootstrap()
#9 C:\xampp\htdocs\novosite\artisan(35): Illuminate\Foundation\Console\Kernel->handle(Object(Symfony\Component\Console\Input\ArgvInput), Object(Symfony\Component\Console\Output\ConsoleOutput))
#10 {main}  
[2019-04-04 15:54:57] production.ERROR: RuntimeException: Directory name must not be empty. in C:\xampp\htdocs\novosite\vendor\symfony\finder\Iterator\RecursiveDirectoryIterator.php:52
Stack trace:
#0 C:\xampp\htdocs\novosite\vendor\symfony\finder\Iterator\RecursiveDirectoryIterator.php(52): RecursiveDirectoryIterator->__construct('', 4096)
#1 C:\xampp\htdocs\novosite\vendor\symfony\finder\Finder.php(687): Symfony\Component\Finder\Iterator\RecursiveDirectoryIterator->__construct('', 4096, false)
#2 C:\xampp\htdocs\novosite\vendor\symfony\finder\Finder.php(572): Symfony\Component\Finder\Finder->searchInDirectory('')
#3 C:\xampp\htdocs\novosite\vendor\laravel\framework\src\Illuminate\Foundation\Bootstrap\LoadConfiguration.php(87): Symfony\Component\Finder\Finder->getIterator()
#4 C:\xampp\htdocs\novosite\vendor\laravel\framework\src\Illuminate\Foundation\Bootstrap\LoadConfiguration.php(64): Illuminate\Foundation\Bootstrap\LoadConfiguration->getConfigurationFiles(Object(Illuminate\Foundation\Application))
#5 C:\xampp\htdocs\novosite\vendor\laravel\framework\src\Illuminate\Foundation\Bootstrap\LoadConfiguration.php(39): Illuminate\Foundation\Bootstrap\LoadConfiguration->loadConfigurationFiles(Object(Illuminate\Foundation\Application), Object(Illuminate\Config\Repository))
#6 C:\xampp\htdocs\novosite\vendor\laravel\framework\src\Illuminate\Foundation\Application.php(208): Illuminate\Foundation\Bootstrap\LoadConfiguration->bootstrap(Object(Illuminate\Foundation\Application))
#7 C:\xampp\htdocs\novosite\vendor\laravel\framework\src\Illuminate\Foundation\Console\Kernel.php(267): Illuminate\Foundation\Application->bootstrapWith(Array)
#8 C:\xampp\htdocs\novosite\vendor\laravel\framework\src\Illuminate\Foundation\Console\Kernel.php(114): Illuminate\Foundation\Console\Kernel->bootstrap()
#9 C:\xampp\htdocs\novosite\artisan(35): Illuminate\Foundation\Console\Kernel->handle(Object(Symfony\Component\Console\Input\ArgvInput), Object(Symfony\Component\Console\Output\ConsoleOutput))
#10 {main}  
[2019-04-04 15:55:40] production.ERROR: RuntimeException: Directory name must not be empty. in C:\xampp\htdocs\novosite\vendor\symfony\finder\Iterator\RecursiveDirectoryIterator.php:52
Stack trace:
#0 C:\xampp\htdocs\novosite\vendor\symfony\finder\Iterator\RecursiveDirectoryIterator.php(52): RecursiveDirectoryIterator->__construct('', 4096)
#1 C:\xampp\htdocs\novosite\vendor\symfony\finder\Finder.php(687): Symfony\Component\Finder\Iterator\RecursiveDirectoryIterator->__construct('', 4096, false)
#2 C:\xampp\htdocs\novosite\vendor\symfony\finder\Finder.php(572): Symfony\Component\Finder\Finder->searchInDirectory('')
#3 C:\xampp\htdocs\novosite\vendor\laravel\framework\src\Illuminate\Foundation\Bootstrap\LoadConfiguration.php(87): Symfony\Component\Finder\Finder->getIterator()
#4 C:\xampp\htdocs\novosite\vendor\laravel\framework\src\Illuminate\Foundation\Bootstrap\LoadConfiguration.php(64): Illuminate\Foundation\Bootstrap\LoadConfiguration->getConfigurationFiles(Object(Illuminate\Foundation\Application))
#5 C:\xampp\htdocs\novosite\vendor\laravel\framework\src\Illuminate\Foundation\Bootstrap\LoadConfiguration.php(39): Illuminate\Foundation\Bootstrap\LoadConfiguration->loadConfigurationFiles(Object(Illuminate\Foundation\Application), Object(Illuminate\Config\Repository))
#6 C:\xampp\htdocs\novosite\vendor\laravel\framework\src\Illuminate\Foundation\Application.php(208): Illuminate\Foundation\Bootstrap\LoadConfiguration->bootstrap(Object(Illuminate\Foundation\Application))
#7 C:\xampp\htdocs\novosite\vendor\laravel\framework\src\Illuminate\Foundation\Http\Kernel.php(162): Illuminate\Foundation\Application->bootstrapWith(Array)
#8 C:\xampp\htdocs\novosite\vendor\laravel\framework\src\Illuminate\Foundation\Http\Kernel.php(146): Illuminate\Foundation\Http\Kernel->bootstrap()
#9 C:\xampp\htdocs\novosite\vendor\laravel\framework\src\Illuminate\Foundation\Http\Kernel.php(116): Illuminate\Foundation\Http\Kernel->sendRequestThroughRouter(Object(Illuminate\Http\Request))
#10 C:\xampp\htdocs\novosite\public\index.php(53): Illuminate\Foundation\Http\Kernel->handle(Object(Illuminate\Http\Request))
#11 {main}  
